#
# A fatal error has been detected by the Java Runtime Environment:
#
#  EXCEPTION_ACCESS_VIOLATION (0xc0000005) at pc=0x00007ff96afc8ca6, pid=5196, tid=11972
#
# JRE version: Java(TM) SE Runtime Environment (12.0.1+12) (build 12.0.1+12)
# Java VM: Java HotSpot(TM) 64-Bit Server VM (12.0.1+12, mixed mode, sharing, tiered, compressed oops, g1 gc, windows-amd64)
# Problematic frame:
# V  [jvm.dll+0x628ca6]
#
# No core dump will be written. Minidumps are not enabled by default on client versions of Windows
#
# If you would like to submit a bug report, please visit:
#   http://bugreport.java.com/bugreport/crash.jsp
#

---------------  S U M M A R Y ------------

Command Line: -Dcom.sun.management.jmxremote -Dcom.sun.management.jmxremote.port=59182 -Dcom.sun.management.jmxremote.authenticate=false -Dcom.sun.management.jmxremote.ssl=false -Djava.rmi.server.hostname=localhost -Dspring.jmx.enabled=true -Dspring.application.admin.enabled=true -Xverify:none -XX:TieredStopAtLevel=1 -Dfile.encoding=Cp1252 com.bankatm.BankatmApplication --spring.output.ansi.enabled=always

Host: Intel(R) Core(TM) i5-3320M CPU @ 2.60GHz, 4 cores, 5G,  Windows 10 , 64 bit Build 16299 (10.0.16299.1087)
Time: Thu Jun 13 20:50:33 2019 India Standard Time elapsed time: 0 seconds (0d 0h 0m 0s)

---------------  T H R E A D  ---------------

Current thread (0x00000212cbbc8000):  GCTaskThread "GC Thread#0" [stack: 0x000000ab35000000,0x000000ab35100000] [id=11972]

Stack: [0x000000ab35000000,0x000000ab35100000],  sp=0x000000ab350fd9c0,  free space=1014k
Native frames: (J=compiled Java code, j=interpreted, Vv=VM code, C=native code)
V  [jvm.dll+0x628ca6]
V  [jvm.dll+0x5ef769]
V  [jvm.dll+0x2e5ee5]
V  [jvm.dll+0x2e5969]
V  [jvm.dll+0x74d407]
V  [jvm.dll+0x74d860]
V  [jvm.dll+0x332ee8]
V  [jvm.dll+0x332a38]
V  [jvm.dll+0x2fc8d0]
V  [jvm.dll+0x7bb2b0]
V  [jvm.dll+0x748648]
V  [jvm.dll+0x638566]
C  [ucrtbase.dll+0x1fa95]
C  [KERNEL32.DLL+0x137e4]
C  [ntdll.dll+0x6cb81]

JavaThread 0x00000212e8a87800 (nid = 5892) was being processed
Java frames: (J=compiled Java code, j=interpreted, Vv=VM code)
j  java.lang.Object.wait(J)V+0 java.base@12.0.1
j  java.lang.ref.ReferenceQueue.remove(J)Ljava/lang/ref/Reference;+59 java.base@12.0.1
j  jdk.internal.ref.CleanerImpl.run()V+65 java.base@12.0.1
j  java.lang.Thread.run()V+11 java.base@12.0.1
j  jdk.internal.misc.InnocuousThread.run()V+20 java.base@12.0.1
v  ~StubRoutines::call_stub

siginfo: EXCEPTION_ACCESS_VIOLATION (0xc0000005), reading address 0x0000000c00000093


Register to memory mapping:

RIP=0x00007ff96afc8ca6 jvm.dll
RAX=0x0000000c0000000b is an unknown value
RBX=0x00000000000005b1 is an unknown value
RCX=0x0000000000000011 is an unknown value
RDX=0x000000ab350fda50 points into unknown readable memory: d0 f9 2a 00 08 00 00 00
RSP=0x000000ab350fd9c0 points into unknown readable memory: 41 01 08 00 00 00 00 00
RBP=0x0000000000000041 is an unknown value
RSI={method} {0x00000008002af9d8} 'run' '()V' in 'jdk/internal/ref/CleanerImpl'
RDI=0x00000000000005b1 is an unknown value
R8 =0x0000000000000041 is an unknown value
R9 =0x000000ab350fdb68 points into unknown readable memory: 00 00 00 00 00 00 00 00
R10=0x00000008008e8790 is pointing into metadata
R11=0x000000ab350fdbe8 points into unknown readable memory: 69 59 c8 6a f9 7f 00 00
R12=0x000000ab350fdb68 points into unknown readable memory: 00 00 00 00 00 00 00 00
R13=0x00000000000003d8 is an unknown value
R14=0x00000212e9cfa6e0 points into unknown readable memory: 0b 00 00 00 0c 00 00 00
R15=0x000000ab350fda50 points into unknown readable memory: d0 f9 2a 00 08 00 00 00


Registers:
RAX=0x0000000c0000000b, RBX=0x00000000000005b1, RCX=0x0000000000000011, RDX=0x000000ab350fda50
RSP=0x000000ab350fd9c0, RBP=0x0000000000000041, RSI=0x00000008002af9d0, RDI=0x00000000000005b1
R8 =0x0000000000000041, R9 =0x000000ab350fdb68, R10=0x00000008008e8790, R11=0x000000ab350fdbe8
R12=0x000000ab350fdb68, R13=0x00000000000003d8, R14=0x00000212e9cfa6e0, R15=0x000000ab350fda50
RIP=0x00007ff96afc8ca6, EFLAGS=0x0000000000010206

Top of Stack: (sp=0x000000ab350fd9c0)
0x000000ab350fd9c0:   0000000000080141 000000000000000a
0x000000ab350fd9d0:   000000ab350fdb48 000000ab350fdb68
0x000000ab350fd9e0:   000000000000003b 000000ab35dff228
0x000000ab350fd9f0:   00000212ea8412f8 00000212ea841278
0x000000ab350fda00:   0000000000000041 0000000000000041
0x000000ab350fda10:   00000008002af9d0 000000ab350fdb70
0x000000ab350fda20:   000000ab350fdb68 00007ff96af8f769
0x000000ab350fda30:   000000ab350fdb68 000000ab350fdb70
0x000000ab350fda40:   00000008002af9d0 000000ab350fdb68
0x000000ab350fda50:   00000008002af9d0 00000212cbbc8000
0x000000ab350fda60:   00000212ea8412f8 00007ff96ac85ee5
0x000000ab350fda70:   000000ab350fdd30 000000ab350fdd00
0x000000ab350fda80:   000000ab350fdb70 00000212ea8412f8
0x000000ab350fda90:   00000212c9a9c101 00000008002af9d0
0x000000ab350fdaa0:   00000212cbbc8000 00007ff900000004
0x000000ab350fdab0:   00000212cbbc8000 00000000a49eb065 

Instructions: (pc=0x00007ff96afc8ca6)
0x00007ff96afc8c86:   24 70 48 89 77 10 8b fb 66 90 8b c7 25 1f 00 00
0x00007ff96afc8c96:   80 7d 07 ff c8 83 c8 e0 ff c0 48 63 c8 49 8b 06
0x00007ff96afc8ca6:   48 8b 14 c8 48 85 d2 74 15 48 8b 02 48 85 c0 74
0x00007ff96afc8cb6:   0d 49 3b 07 75 08 0f b7 42 08 3b c5 74 79 ff c7 


Stack slot to memory mapping:
stack at sp + 0 slots: 0x0000000000080141 is an unknown value
stack at sp + 1 slots: 0x000000000000000a is an unknown value
stack at sp + 2 slots: 0x000000ab350fdb48 points into unknown readable memory: 90 27 23 6b f9 7f 00 00
stack at sp + 3 slots: 0x000000ab350fdb68 points into unknown readable memory: 00 00 00 00 00 00 00 00
stack at sp + 4 slots: 0x000000000000003b is an unknown value
stack at sp + 5 slots: 0x000000ab35dff228 is pointing into the stack for thread: 0x00000212e8a87800
stack at sp + 6 slots: 0x00000212ea8412f8 points into unknown readable memory: 20 b7 23 6b f9 7f 00 00
stack at sp + 7 slots: 0x00000212ea841278 points into unknown readable memory: 30 b7 23 6b f9 7f 00 00


---------------  P R O C E S S  ---------------

Threads class SMR info:
_java_thread_list=0x00000212e9d49bf0, length=12, elements={
0x00000212cbb98000, 0x00000212e8aa6800, 0x00000212e8aa9800, 0x00000212e8ac3000,
0x00000212e8ac6000, 0x00000212e8ac7000, 0x00000212e8ad7000, 0x00000212e8a87800,
0x00000212e95ac800, 0x00000212e9d05000, 0x00000212e9d22000, 0x00000212e9c98800
}

Java Threads: ( => current thread )
  0x00000212cbb98000 JavaThread "main" [_thread_blocked, id=4364, stack(0x000000ab34f00000,0x000000ab35000000)]
  0x00000212e8aa6800 JavaThread "Reference Handler" daemon [_thread_blocked, id=14664, stack(0x000000ab35600000,0x000000ab35700000)]
  0x00000212e8aa9800 JavaThread "Finalizer" daemon [_thread_blocked, id=11104, stack(0x000000ab35700000,0x000000ab35800000)]
  0x00000212e8ac3000 JavaThread "Signal Dispatcher" daemon [_thread_blocked, id=2932, stack(0x000000ab35900000,0x000000ab35a00000)]
  0x00000212e8ac6000 JavaThread "Attach Listener" daemon [_thread_blocked, id=1788, stack(0x000000ab35a00000,0x000000ab35b00000)]
  0x00000212e8ac7000 JavaThread "C1 CompilerThread0" daemon [_thread_blocked, id=7648, stack(0x000000ab35b00000,0x000000ab35c00000)]
  0x00000212e8ad7000 JavaThread "Sweeper thread" daemon [_thread_blocked, id=9172, stack(0x000000ab35c00000,0x000000ab35d00000)]
  0x00000212e8a87800 JavaThread "Common-Cleaner" daemon [_thread_blocked, id=5892, stack(0x000000ab35d00000,0x000000ab35e00000)]
  0x00000212e95ac800 JavaThread "Service Thread" daemon [_thread_blocked, id=5108, stack(0x000000ab35e00000,0x000000ab35f00000)]
  0x00000212e9d05000 JavaThread "RMI TCP Accept-0" daemon [_thread_in_native, id=13124, stack(0x000000ab35f00000,0x000000ab36000000)]
  0x00000212e9d22000 JavaThread "RMI TCP Accept-59182" daemon [_thread_in_native, id=10388, stack(0x000000ab36000000,0x000000ab36100000)]
  0x00000212e9c98800 JavaThread "RMI TCP Accept-0" daemon [_thread_in_native, id=12012, stack(0x000000ab36200000,0x000000ab36300000)]

Other Threads:
  0x00000212e8aa2000 VMThread "VM Thread" [stack: 0x000000ab35500000,0x000000ab35600000] [id=12600]
  0x00000212e9d5e000 WatcherThread [stack: 0x000000ab36300000,0x000000ab36400000] [id=14504]
=>0x00000212cbbc8000 GCTaskThread "GC Thread#0" [stack: 0x000000ab35000000,0x000000ab35100000] [id=11972]
  0x00000212e9d38000 GCTaskThread "GC Thread#1" [stack: 0x000000ab36100000,0x000000ab36200000] [id=13068]
  0x00000212cbbd3800 ConcurrentGCThread "G1 Main Marker" [stack: 0x000000ab35100000,0x000000ab35200000] [id=6244]
  0x00000212cbbd9800 ConcurrentGCThread "G1 Conc#0" [stack: 0x000000ab35200000,0x000000ab35300000] [id=9608]
  0x00000212e8922800 ConcurrentGCThread "G1 Refine#0" [stack: 0x000000ab35300000,0x000000ab35400000] [id=7720]
  0x00000212e8923000 ConcurrentGCThread "G1 Young RemSet Sampling" [stack: 0x000000ab35400000,0x000000ab35500000] [id=12936]

Threads with active compile tasks:

VM state:at safepoint (normal execution)

VM Mutex/Monitor currently owned by a thread:  ([mutex/lock_event])
[0x00000212cbb96ad0] Threads_lock - owner thread: 0x00000212e8aa2000
[0x00000212cbb95c30] Heap_lock - owner thread: 0x00000212cbb98000

Heap address: 0x00000000a4400000, size: 1468 MB, Compressed Oops mode: 32-bit
Narrow klass base: 0x0000000800000000, Narrow klass shift: 3
Compressed class space size: 1073741824 Address: 0x00000008011a0000

Heap:
 garbage-first heap   total 94208K, used 18227K [0x00000000a4400000, 0x0000000100000000)
  region size 1024K, 12 young (12288K), 2 survivors (2048K)
 Metaspace       used 5819K, capacity 6286K, committed 6528K, reserved 1056768K
  class space    used 720K, capacity 831K, committed 896K, reserved 1048576K
Heap Regions: E=young(eden), S=young(survivor), O=old, HS=humongous(starts), HC=humongous(continues), CS=collection set, F=free, A=archive, TAMS=top-at-mark-start (previous, next)
|   0|0x00000000a4400000, 0x00000000a4500000, 0x00000000a4500000|100%|HS|  |TAMS 0x00000000a4400000, 0x00000000a4400000| Complete 
|   1|0x00000000a4500000, 0x00000000a4600000, 0x00000000a4600000|100%| O|  |TAMS 0x00000000a4500000, 0x00000000a4500000| Untracked 
|   2|0x00000000a4600000, 0x00000000a4700000, 0x00000000a4700000|100%| O|  |TAMS 0x00000000a4600000, 0x00000000a4600000| Untracked 
|   3|0x00000000a4700000, 0x00000000a4800000, 0x00000000a4800000|100%| O|  |TAMS 0x00000000a4700000, 0x00000000a4700000| Untracked 
|   4|0x00000000a4800000, 0x00000000a4900000, 0x00000000a4900000|100%| O|  |TAMS 0x00000000a4800000, 0x00000000a4800000| Untracked 
|   5|0x00000000a4900000, 0x00000000a4a00000, 0x00000000a4a00000|100%| O|  |TAMS 0x00000000a4900000, 0x00000000a4900000| Untracked 
|   6|0x00000000a4a00000, 0x00000000a4b00000, 0x00000000a4b00000|100%| O|  |TAMS 0x00000000a4a00000, 0x00000000a4a00000| Untracked 
|   7|0x00000000a4b00000, 0x00000000a4bd4ae8, 0x00000000a4c00000| 83%| O|  |TAMS 0x00000000a4b00000, 0x00000000a4b00000| Untracked 
|   8|0x00000000a4c00000, 0x00000000a4c00000, 0x00000000a4d00000|  0%| F|  |TAMS 0x00000000a4c00000, 0x00000000a4c00000| Untracked 
|   9|0x00000000a4d00000, 0x00000000a4d00000, 0x00000000a4e00000|  0%| F|  |TAMS 0x00000000a4d00000, 0x00000000a4d00000| Untracked 
|  10|0x00000000a4e00000, 0x00000000a4e00000, 0x00000000a4f00000|  0%| F|  |TAMS 0x00000000a4e00000, 0x00000000a4e00000| Untracked 
|  11|0x00000000a4f00000, 0x00000000a4f00000, 0x00000000a5000000|  0%| F|  |TAMS 0x00000000a4f00000, 0x00000000a4f00000| Untracked 
|  12|0x00000000a5000000, 0x00000000a5000000, 0x00000000a5100000|  0%| F|  |TAMS 0x00000000a5000000, 0x00000000a5000000| Untracked 
|  13|0x00000000a5100000, 0x00000000a5100000, 0x00000000a5200000|  0%| F|  |TAMS 0x00000000a5100000, 0x00000000a5100000| Untracked 
|  14|0x00000000a5200000, 0x00000000a5200000, 0x00000000a5300000|  0%| F|  |TAMS 0x00000000a5200000, 0x00000000a5200000| Untracked 
|  15|0x00000000a5300000, 0x00000000a5300000, 0x00000000a5400000|  0%| F|  |TAMS 0x00000000a5300000, 0x00000000a5300000| Untracked 
|  16|0x00000000a5400000, 0x00000000a5400000, 0x00000000a5500000|  0%| F|  |TAMS 0x00000000a5400000, 0x00000000a5400000| Untracked 
|  17|0x00000000a5500000, 0x00000000a5500000, 0x00000000a5600000|  0%| F|  |TAMS 0x00000000a5500000, 0x00000000a5500000| Untracked 
|  18|0x00000000a5600000, 0x00000000a5600000, 0x00000000a5700000|  0%| F|  |TAMS 0x00000000a5600000, 0x00000000a5600000| Untracked 
|  19|0x00000000a5700000, 0x00000000a5700000, 0x00000000a5800000|  0%| F|  |TAMS 0x00000000a5700000, 0x00000000a5700000| Untracked 
|  20|0x00000000a5800000, 0x00000000a5800000, 0x00000000a5900000|  0%| F|  |TAMS 0x00000000a5800000, 0x00000000a5800000| Untracked 
|  21|0x00000000a5900000, 0x00000000a5900000, 0x00000000a5a00000|  0%| F|  |TAMS 0x00000000a5900000, 0x00000000a5900000| Untracked 
|  22|0x00000000a5a00000, 0x00000000a5a00000, 0x00000000a5b00000|  0%| F|  |TAMS 0x00000000a5a00000, 0x00000000a5a00000| Untracked 
|  23|0x00000000a5b00000, 0x00000000a5b00000, 0x00000000a5c00000|  0%| F|  |TAMS 0x00000000a5b00000, 0x00000000a5b00000| Untracked 
|  24|0x00000000a5c00000, 0x00000000a5c00000, 0x00000000a5d00000|  0%| F|  |TAMS 0x00000000a5c00000, 0x00000000a5c00000| Untracked 
|  25|0x00000000a5d00000, 0x00000000a5d00000, 0x00000000a5e00000|  0%| F|  |TAMS 0x00000000a5d00000, 0x00000000a5d00000| Untracked 
|  26|0x00000000a5e00000, 0x00000000a5e00000, 0x00000000a5f00000|  0%| F|  |TAMS 0x00000000a5e00000, 0x00000000a5e00000| Untracked 
|  27|0x00000000a5f00000, 0x00000000a5f00000, 0x00000000a6000000|  0%| F|  |TAMS 0x00000000a5f00000, 0x00000000a5f00000| Untracked 
|  28|0x00000000a6000000, 0x00000000a6000000, 0x00000000a6100000|  0%| F|  |TAMS 0x00000000a6000000, 0x00000000a6000000| Untracked 
|  29|0x00000000a6100000, 0x00000000a6100000, 0x00000000a6200000|  0%| F|  |TAMS 0x00000000a6100000, 0x00000000a6100000| Untracked 
|  30|0x00000000a6200000, 0x00000000a6200000, 0x00000000a6300000|  0%| F|  |TAMS 0x00000000a6200000, 0x00000000a6200000| Untracked 
|  31|0x00000000a6300000, 0x00000000a6300000, 0x00000000a6400000|  0%| F|  |TAMS 0x00000000a6300000, 0x00000000a6300000| Untracked 
|  32|0x00000000a6400000, 0x00000000a6400000, 0x00000000a6500000|  0%| F|  |TAMS 0x00000000a6400000, 0x00000000a6400000| Untracked 
|  33|0x00000000a6500000, 0x00000000a6500000, 0x00000000a6600000|  0%| F|  |TAMS 0x00000000a6500000, 0x00000000a6500000| Untracked 
|  34|0x00000000a6600000, 0x00000000a6600000, 0x00000000a6700000|  0%| F|  |TAMS 0x00000000a6600000, 0x00000000a6600000| Untracked 
|  35|0x00000000a6700000, 0x00000000a6700000, 0x00000000a6800000|  0%| F|  |TAMS 0x00000000a6700000, 0x00000000a6700000| Untracked 
|  36|0x00000000a6800000, 0x00000000a6800000, 0x00000000a6900000|  0%| F|  |TAMS 0x00000000a6800000, 0x00000000a6800000| Untracked 
|  37|0x00000000a6900000, 0x00000000a6900000, 0x00000000a6a00000|  0%| F|  |TAMS 0x00000000a6900000, 0x00000000a6900000| Untracked 
|  38|0x00000000a6a00000, 0x00000000a6a00000, 0x00000000a6b00000|  0%| F|  |TAMS 0x00000000a6a00000, 0x00000000a6a00000| Untracked 
|  39|0x00000000a6b00000, 0x00000000a6b00000, 0x00000000a6c00000|  0%| F|  |TAMS 0x00000000a6b00000, 0x00000000a6b00000| Untracked 
|  40|0x00000000a6c00000, 0x00000000a6c00000, 0x00000000a6d00000|  0%| F|  |TAMS 0x00000000a6c00000, 0x00000000a6c00000| Untracked 
|  41|0x00000000a6d00000, 0x00000000a6d00000, 0x00000000a6e00000|  0%| F|  |TAMS 0x00000000a6d00000, 0x00000000a6d00000| Untracked 
|  42|0x00000000a6e00000, 0x00000000a6e00000, 0x00000000a6f00000|  0%| F|  |TAMS 0x00000000a6e00000, 0x00000000a6e00000| Untracked 
|  43|0x00000000a6f00000, 0x00000000a6f00000, 0x00000000a7000000|  0%| F|  |TAMS 0x00000000a6f00000, 0x00000000a6f00000| Untracked 
|  44|0x00000000a7000000, 0x00000000a7000000, 0x00000000a7100000|  0%| F|  |TAMS 0x00000000a7000000, 0x00000000a7000000| Untracked 
|  45|0x00000000a7100000, 0x00000000a7100000, 0x00000000a7200000|  0%| F|  |TAMS 0x00000000a7100000, 0x00000000a7100000| Untracked 
|  46|0x00000000a7200000, 0x00000000a7200000, 0x00000000a7300000|  0%| F|  |TAMS 0x00000000a7200000, 0x00000000a7200000| Untracked 
|  47|0x00000000a7300000, 0x00000000a7300000, 0x00000000a7400000|  0%| F|  |TAMS 0x00000000a7300000, 0x00000000a7300000| Untracked 
|  48|0x00000000a7400000, 0x00000000a7400000, 0x00000000a7500000|  0%| F|  |TAMS 0x00000000a7400000, 0x00000000a7400000| Untracked 
|  49|0x00000000a7500000, 0x00000000a7500000, 0x00000000a7600000|  0%| F|  |TAMS 0x00000000a7500000, 0x00000000a7500000| Untracked 
|  50|0x00000000a7600000, 0x00000000a7600000, 0x00000000a7700000|  0%| F|  |TAMS 0x00000000a7600000, 0x00000000a7600000| Untracked 
|  51|0x00000000a7700000, 0x00000000a7700000, 0x00000000a7800000|  0%| F|  |TAMS 0x00000000a7700000, 0x00000000a7700000| Untracked 
|  52|0x00000000a7800000, 0x00000000a7800000, 0x00000000a7900000|  0%| F|  |TAMS 0x00000000a7800000, 0x00000000a7800000| Untracked 
|  53|0x00000000a7900000, 0x00000000a7900000, 0x00000000a7a00000|  0%| F|  |TAMS 0x00000000a7900000, 0x00000000a7900000| Untracked 
|  54|0x00000000a7a00000, 0x00000000a7a00000, 0x00000000a7b00000|  0%| F|  |TAMS 0x00000000a7a00000, 0x00000000a7a00000| Untracked 
|  55|0x00000000a7b00000, 0x00000000a7b00000, 0x00000000a7c00000|  0%| F|  |TAMS 0x00000000a7b00000, 0x00000000a7b00000| Untracked 
|  56|0x00000000a7c00000, 0x00000000a7c00000, 0x00000000a7d00000|  0%| F|  |TAMS 0x00000000a7c00000, 0x00000000a7c00000| Untracked 
|  57|0x00000000a7d00000, 0x00000000a7d00000, 0x00000000a7e00000|  0%| F|  |TAMS 0x00000000a7d00000, 0x00000000a7d00000| Untracked 
|  58|0x00000000a7e00000, 0x00000000a7e00000, 0x00000000a7f00000|  0%| F|  |TAMS 0x00000000a7e00000, 0x00000000a7e00000| Untracked 
|  59|0x00000000a7f00000, 0x00000000a7f00000, 0x00000000a8000000|  0%| F|  |TAMS 0x00000000a7f00000, 0x00000000a7f00000| Untracked 
|  60|0x00000000a8000000, 0x00000000a8000000, 0x00000000a8100000|  0%| F|  |TAMS 0x00000000a8000000, 0x00000000a8000000| Untracked 
|  61|0x00000000a8100000, 0x00000000a8100000, 0x00000000a8200000|  0%| F|  |TAMS 0x00000000a8100000, 0x00000000a8100000| Untracked 
|  62|0x00000000a8200000, 0x00000000a8200000, 0x00000000a8300000|  0%| F|  |TAMS 0x00000000a8200000, 0x00000000a8200000| Untracked 
|  63|0x00000000a8300000, 0x00000000a8300000, 0x00000000a8400000|  0%| F|  |TAMS 0x00000000a8300000, 0x00000000a8300000| Untracked 
|  64|0x00000000a8400000, 0x00000000a8400000, 0x00000000a8500000|  0%| F|  |TAMS 0x00000000a8400000, 0x00000000a8400000| Untracked 
|  65|0x00000000a8500000, 0x00000000a8500000, 0x00000000a8600000|  0%| F|  |TAMS 0x00000000a8500000, 0x00000000a8500000| Untracked 
|  66|0x00000000a8600000, 0x00000000a8600000, 0x00000000a8700000|  0%| F|  |TAMS 0x00000000a8600000, 0x00000000a8600000| Untracked 
|  67|0x00000000a8700000, 0x00000000a8700000, 0x00000000a8800000|  0%| F|  |TAMS 0x00000000a8700000, 0x00000000a8700000| Untracked 
|  68|0x00000000a8800000, 0x00000000a8800000, 0x00000000a8900000|  0%| F|  |TAMS 0x00000000a8800000, 0x00000000a8800000| Untracked 
|  69|0x00000000a8900000, 0x00000000a8900000, 0x00000000a8a00000|  0%| F|  |TAMS 0x00000000a8900000, 0x00000000a8900000| Untracked 
|  70|0x00000000a8a00000, 0x00000000a8a00000, 0x00000000a8b00000|  0%| F|  |TAMS 0x00000000a8a00000, 0x00000000a8a00000| Untracked 
|  71|0x00000000a8b00000, 0x00000000a8b00000, 0x00000000a8c00000|  0%| F|  |TAMS 0x00000000a8b00000, 0x00000000a8b00000| Untracked 
|  72|0x00000000a8c00000, 0x00000000a8c00000, 0x00000000a8d00000|  0%| F|  |TAMS 0x00000000a8c00000, 0x00000000a8c00000| Untracked 
|  73|0x00000000a8d00000, 0x00000000a8d00000, 0x00000000a8e00000|  0%| F|  |TAMS 0x00000000a8d00000, 0x00000000a8d00000| Untracked 
|  74|0x00000000a8e00000, 0x00000000a8e00000, 0x00000000a8f00000|  0%| F|  |TAMS 0x00000000a8e00000, 0x00000000a8e00000| Untracked 
|  75|0x00000000a8f00000, 0x00000000a8f00000, 0x00000000a9000000|  0%| F|  |TAMS 0x00000000a8f00000, 0x00000000a8f00000| Untracked 
|  76|0x00000000a9000000, 0x00000000a9100000, 0x00000000a9100000|100%| E|CS|TAMS 0x00000000a9000000, 0x00000000a9000000| Complete 
|  77|0x00000000a9100000, 0x00000000a9200000, 0x00000000a9200000|100%| E|CS|TAMS 0x00000000a9100000, 0x00000000a9100000| Complete 
|  78|0x00000000a9200000, 0x00000000a9200000, 0x00000000a9300000|  0%| F|  |TAMS 0x00000000a9200000, 0x00000000a9200000| Untracked 
|  79|0x00000000a9300000, 0x00000000a9300000, 0x00000000a9400000|  0%| F|  |TAMS 0x00000000a9300000, 0x00000000a9300000| Untracked 
|  80|0x00000000a9400000, 0x00000000a9439030, 0x00000000a9500000| 22%| S|  |TAMS 0x00000000a9400000, 0x00000000a9400000| Complete 
|  81|0x00000000a9500000, 0x00000000a9600000, 0x00000000a9600000|100%| S|  |TAMS 0x00000000a9500000, 0x00000000a9500000| Complete 
|  82|0x00000000a9600000, 0x00000000a9700000, 0x00000000a9700000|100%| E|CS|TAMS 0x00000000a9600000, 0x00000000a9600000| Complete 
|  83|0x00000000a9700000, 0x00000000a9800000, 0x00000000a9800000|100%| E|CS|TAMS 0x00000000a9700000, 0x00000000a9700000| Complete 
|  84|0x00000000a9800000, 0x00000000a9900000, 0x00000000a9900000|100%| E|CS|TAMS 0x00000000a9800000, 0x00000000a9800000| Complete 
|  85|0x00000000a9900000, 0x00000000a9a00000, 0x00000000a9a00000|100%| E|CS|TAMS 0x00000000a9900000, 0x00000000a9900000| Complete 
|  86|0x00000000a9a00000, 0x00000000a9b00000, 0x00000000a9b00000|100%| E|CS|TAMS 0x00000000a9a00000, 0x00000000a9a00000| Complete 
|  87|0x00000000a9b00000, 0x00000000a9c00000, 0x00000000a9c00000|100%| E|CS|TAMS 0x00000000a9b00000, 0x00000000a9b00000| Complete 
|  88|0x00000000a9c00000, 0x00000000a9d00000, 0x00000000a9d00000|100%| E|CS|TAMS 0x00000000a9c00000, 0x00000000a9c00000| Complete 
|  89|0x00000000a9d00000, 0x00000000a9e00000, 0x00000000a9e00000|100%| E|CS|TAMS 0x00000000a9d00000, 0x00000000a9d00000| Complete 
|  90|0x00000000a9e00000, 0x00000000a9f00000, 0x00000000a9f00000|100%| E|CS|TAMS 0x00000000a9e00000, 0x00000000a9e00000| Complete 
|  91|0x00000000a9f00000, 0x00000000aa000000, 0x00000000aa000000|100%| E|CS|TAMS 0x00000000a9f00000, 0x00000000a9f00000| Complete 

Card table byte_map: [0x00000212e3230000,0x00000212e3510000] _byte_map_base: 0x00000212e2d0e000

Marking Bits (Prev, Next): (CMBitMap*) 0x00000212cbbc9cf8, (CMBitMap*) 0x00000212cbbc9d38
 Prev Bits: [0x00000212e37f0000, 0x00000212e4ee0000)
 Next Bits: [0x00000212e4ee0000, 0x00000212e65d0000)

Polling page: 0x00000212c9a30000

Metaspace:

Usage:
  Non-class:      5.33 MB capacity,     4.98 MB ( 93%) used,   335.71 KB (  6%) free+waste,    20.50 KB ( <1%) overhead. 
      Class:    831.00 KB capacity,   720.73 KB ( 87%) used,    98.39 KB ( 12%) free+waste,    11.88 KB (  1%) overhead. 
       Both:      6.14 MB capacity,     5.68 MB ( 93%) used,   434.10 KB (  7%) free+waste,    32.38 KB ( <1%) overhead. 

Virtual space:
  Non-class space:        8.00 MB reserved,       5.50 MB ( 69%) committed 
      Class space:        1.00 GB reserved,     896.00 KB ( <1%) committed 
             Both:        1.01 GB reserved,       6.38 MB ( <1%) committed 

Chunk freelists:
   Non-Class:  6.13 KB
       Class:  128 bytes
        Both:  6.25 KB

CodeHeap 'non-profiled nmethods': size=238912Kb used=1803Kb max_used=1803Kb free=237108Kb
 bounds [0x00000212d4600000, 0x00000212d4870000, 0x00000212e2f50000]
CodeHeap 'non-nmethods': size=6848Kb used=1130Kb max_used=1130Kb free=5717Kb
 bounds [0x00000212d3f50000, 0x00000212d41c0000, 0x00000212d4600000]
 total_blobs=1635 nmethods=1182 adapters=363
 compilation: enabled
              stopped_count=0, restarted_count=0
 full_count=0

Compilation events (10 events):
Event: 0.928 Thread 0x00000212e8ac7000 1178       1       java.lang.reflect.ProxyGenerator$ConstantPool$ValueEntry::write (190 bytes)
Event: 0.929 Thread 0x00000212e8ac7000 nmethod 1178 0x00000212d47c0110 code [0x00000212d47c03e0, 0x00000212d47c0ef0]
Event: 0.929 Thread 0x00000212e8ac7000 1180       1       java.lang.PublicMethods$Key::matches (31 bytes)
Event: 0.929 Thread 0x00000212e8ac7000 nmethod 1180 0x00000212d47c1410 code [0x00000212d47c15e0, 0x00000212d47c17e0]
Event: 0.930 Thread 0x00000212e8ac7000 1181       1       java.lang.reflect.Constructor::getRoot (5 bytes)
Event: 0.930 Thread 0x00000212e8ac7000 nmethod 1181 0x00000212d47c1910 code [0x00000212d47c1ac0, 0x00000212d47c1bf8]
Event: 0.930 Thread 0x00000212e8ac7000 1182       1       jdk.internal.loader.ClassLoaders$AppClassLoader::loadClass (40 bytes)
Event: 0.931 Thread 0x00000212e8ac7000 nmethod 1182 0x00000212d47c1c90 code [0x00000212d47c1ea0, 0x00000212d47c2200]
Event: 0.931 Thread 0x00000212e8ac7000 1183       1       java.util.jar.JarFile::maybeInstantiateVerifier (112 bytes)
Event: 0.932 Thread 0x00000212e8ac7000 nmethod 1183 0x00000212d47c2410 code [0x00000212d47c2640, 0x00000212d47c2a80]

GC Heap History (3 events):
Event: 0.768 GC heap before
{Heap before GC invocations=0 (full 0):
 garbage-first heap   total 94208K, used 14336K [0x00000000a4400000, 0x0000000100000000)
  region size 1024K, 14 young (14336K), 0 survivors (0K)
 Metaspace       used 4102K, capacity 4969K, committed 5248K, reserved 1056768K
  class space    used 524K, capacity 601K, committed 640K, reserved 1048576K
}
Event: 0.774 GC heap after
{Heap after GC invocations=1 (full 0):
 garbage-first heap   total 94208K, used 7987K [0x00000000a4400000, 0x0000000100000000)
  region size 1024K, 2 young (2048K), 2 survivors (2048K)
 Metaspace       used 4102K, capacity 4969K, committed 5248K, reserved 1056768K
  class space    used 524K, capacity 601K, committed 640K, reserved 1048576K
}
Event: 0.934 GC heap before
{Heap before GC invocations=1 (full 0):
 garbage-first heap   total 94208K, used 18227K [0x00000000a4400000, 0x0000000100000000)
  region size 1024K, 12 young (12288K), 2 survivors (2048K)
 Metaspace       used 5819K, capacity 6286K, committed 6528K, reserved 1056768K
  class space    used 720K, capacity 831K, committed 896K, reserved 1048576K
}

Deoptimization events (0 events):
No events

Classes redefined (0 events):
No events

Internal exceptions (10 events):
Event: 0.489 Thread 0x00000212cbb98000 Exception <a 'java/lang/NoSuchMethodError'{0x00000000a95736d0}: java.lang.invoke.DirectMethodHandle$Holder.invokeInterface(Ljava/lang/Object;Ljava/lang/Object;)I> (0x00000000a95736d0) thrown at [t:/workspace/open/src/hotspot/share/interpreter/linkResolver
Event: 0.490 Thread 0x00000212cbb98000 Exception <a 'java/lang/IncompatibleClassChangeError'{0x00000000a95761d0}: Found class java.lang.Object, but interface was expected> (0x00000000a95761d0) thrown at [t:/workspace/open/src/hotspot/share/interpreter/linkResolver.cpp, line 843]
Event: 0.644 Thread 0x00000212cbb98000 Exception <a 'java/lang/NoSuchMethodError'{0x00000000a93973d8}: java.lang.invoke.DirectMethodHandle$Holder.invokeSpecialIFC(Ljava/lang/Object;Ljava/lang/Object;Ljava/lang/Object;)I> (0x00000000a93973d8) thrown at [t:/workspace/open/src/hotspot/share/inter
Event: 0.662 Thread 0x00000212cbb98000 Exception <a 'java/lang/NoSuchMethodError'{0x00000000a93f79c8}: java.lang.invoke.DirectMethodHandle$Holder.invokeStaticInit(Ljava/lang/Object;IIII)Ljava/lang/Object;> (0x00000000a93f79c8) thrown at [t:/workspace/open/src/hotspot/share/interpreter/linkReso
Event: 0.734 Thread 0x00000212cbb98000 Exception <a 'java/lang/NoSuchMethodError'{0x00000000a92266d8}: java.lang.invoke.DirectMethodHandle$Holder.invokeStaticInit(Ljava/lang/Object;Ljava/lang/Object;IIII)Ljava/lang/Object;> (0x00000000a92266d8) thrown at [t:/workspace/open/src/hotspot/share/in
Event: 0.743 Thread 0x00000212cbb98000 Exception <a 'java/lang/ClassNotFoundException'{0x00000000a9241ad8}: javax/management/remote/rmi/RMIServerImpl_Skel> (0x00000000a9241ad8) thrown at [t:/workspace/open/src/hotspot/share/classfile/systemDictionary.cpp, line 235]
Event: 0.783 Thread 0x00000212cbb98000 Exception <a 'java/lang/ClassNotFoundException'{0x00000000a9f32850}: jdk/internal/agent/resources/spi/agentProvider> (0x00000000a9f32850) thrown at [t:/workspace/open/src/hotspot/share/classfile/systemDictionary.cpp, line 235]
Event: 0.826 Thread 0x00000212cbb98000 Exception <a 'java/lang/ClassNotFoundException'{0x00000000a9c01828}: javax/smartcardio/CardPermission> (0x00000000a9c01828) thrown at [t:/workspace/open/src/hotspot/share/classfile/systemDictionary.cpp, line 235]
Event: 0.828 Thread 0x00000212cbb98000 Exception <a 'java/io/FileNotFoundException'{0x00000000a9c0fa50}> (0x00000000a9c0fa50) thrown at [t:/workspace/open/src/hotspot/share/prims/jni.cpp, line 615]
Event: 0.913 Thread 0x00000212cbb98000 Exception <a 'java/lang/NoSuchMethodError'{0x00000000a9778598}: java.lang.invoke.DirectMethodHandle$Holder.invokeStaticInit(Ljava/lang/Object;Ljava/lang/Object;)I> (0x00000000a9778598) thrown at [t:/workspace/open/src/hotspot/share/interpreter/linkResolve

Events (10 events):
Event: 0.932 loading class org/springframework/core/ResolvableType done
Event: 0.932 loading class org/springframework/core/ResolvableType$EmptyType
Event: 0.932 loading class org/springframework/core/ResolvableType$EmptyType done
Event: 0.933 loading class org/springframework/boot/logging/DeferredLog
Event: 0.933 loading class org/springframework/boot/logging/DeferredLog done
Event: 0.933 loading class org/springframework/boot/context/config/DelegatingApplicationListener
Event: 0.933 loading class org/springframework/boot/context/config/DelegatingApplicationListener done
Event: 0.934 loading class org/springframework/boot/context/logging/ClasspathLoggingApplicationListener
Event: 0.934 loading class org/springframework/boot/context/logging/ClasspathLoggingApplicationListener done
Event: 0.934 Executing VM operation: G1CollectForAllocation


Dynamic libraries:
0x00007ff6dd7b0000 - 0x00007ff6dd7bf000 	C:\Program Files\Java\jdk-12.0.1\bin\javaw.exe
0x00007ff99d660000 - 0x00007ff99d840000 	C:\Windows\SYSTEM32\ntdll.dll
0x00007ff99ce90000 - 0x00007ff99cf3e000 	C:\Windows\System32\KERNEL32.DLL
0x00007ff99a8c0000 - 0x00007ff99ab26000 	C:\Windows\System32\KERNELBASE.dll
0x00007ff997ce0000 - 0x00007ff997d68000 	C:\Windows\SYSTEM32\apphelp.dll
0x00007ff953d10000 - 0x00007ff9541a0000 	C:\Windows\SYSTEM32\AcLayers.DLL
0x00007ff99cdf0000 - 0x00007ff99ce8d000 	C:\Windows\System32\msvcrt.dll
0x00007ff99c7e0000 - 0x00007ff99c96f000 	C:\Windows\System32\USER32.dll
0x00007ff999a60000 - 0x00007ff999a80000 	C:\Windows\System32\win32u.dll
0x00007ff99c7b0000 - 0x00007ff99c7d8000 	C:\Windows\System32\GDI32.dll
0x00007ff99a3d0000 - 0x00007ff99a563000 	C:\Windows\System32\gdi32full.dll
0x00007ff99a820000 - 0x00007ff99a8bb000 	C:\Windows\System32\msvcp_win.dll
0x00007ff999a80000 - 0x00007ff999b74000 	C:\Windows\System32\ucrtbase.dll
0x00007ff99ac00000 - 0x00007ff99ac51000 	C:\Windows\System32\SHLWAPI.dll
0x00007ff99cfa0000 - 0x00007ff99d2a6000 	C:\Windows\System32\combase.dll
0x00007ff99d510000 - 0x00007ff99d62f000 	C:\Windows\System32\RPCRT4.dll
0x00007ff99a7a0000 - 0x00007ff99a812000 	C:\Windows\System32\bcryptPrimitives.dll
0x00007ff973530000 - 0x00007ff9735b6000 	C:\Windows\SYSTEM32\WINSPOOL.DRV
0x00007ff998fd0000 - 0x00007ff999009000 	C:\Windows\SYSTEM32\IPHLPAPI.DLL
0x00007ff999510000 - 0x00007ff999535000 	C:\Windows\SYSTEM32\bcrypt.dll
0x00000212c7860000 - 0x00000212c7863000 	C:\Windows\SYSTEM32\sfc.dll
0x00007ff97a8e0000 - 0x00007ff97a8f3000 	C:\Windows\SYSTEM32\sfc_os.DLL
0x00007ff99c250000 - 0x00007ff99c27d000 	C:\Windows\System32\IMM32.DLL
0x00007ff985530000 - 0x00007ff985548000 	C:\Program Files\Java\jdk-12.0.1\bin\jli.dll
0x00007ff980ac0000 - 0x00007ff980ad6000 	C:\Program Files\Java\jdk-12.0.1\bin\VCRUNTIME140.dll
0x00007ff99ab50000 - 0x00007ff99abf1000 	C:\Windows\System32\ADVAPI32.dll
0x00007ff99c0a0000 - 0x00007ff99c0fb000 	C:\Windows\System32\sechost.dll
0x00007ff98d710000 - 0x00007ff98d979000 	C:\Windows\WinSxS\amd64_microsoft.windows.common-controls_6595b64144ccf1df_6.0.16299.1087_none_0f9074b65a6589b7\COMCTL32.dll
0x00007ff990740000 - 0x00007ff99074a000 	C:\Windows\SYSTEM32\VERSION.dll
0x00007ff97c780000 - 0x00007ff97c82a000 	C:\Program Files\Java\jdk-12.0.1\bin\msvcp140.dll
0x00007ff96a9a0000 - 0x00007ff96b514000 	C:\Program Files\Java\jdk-12.0.1\bin\server\jvm.dll
0x00007ff99c280000 - 0x00007ff99c288000 	C:\Windows\System32\PSAPI.DLL
0x00007ff997e00000 - 0x00007ff997e23000 	C:\Windows\SYSTEM32\WINMM.dll
0x00007ff993040000 - 0x00007ff993049000 	C:\Windows\SYSTEM32\WSOCK32.dll
0x00007ff99ca10000 - 0x00007ff99ca7c000 	C:\Windows\System32\WS2_32.dll
0x00007ff997da0000 - 0x00007ff997dca000 	C:\Windows\SYSTEM32\WINMMBASE.dll
0x00007ff999c30000 - 0x00007ff999c7a000 	C:\Windows\System32\cfgmgr32.dll
0x00007ff999a40000 - 0x00007ff999a51000 	C:\Windows\System32\kernel.appcore.dll
0x00007ff98dd10000 - 0x00007ff98dd21000 	C:\Program Files\Java\jdk-12.0.1\bin\verify.dll
0x00007ff98ff70000 - 0x00007ff990138000 	C:\Windows\SYSTEM32\DBGHELP.DLL
0x00007ff98fe80000 - 0x00007ff98fea9000 	C:\Windows\SYSTEM32\dbgcore.DLL
0x00007ff98d280000 - 0x00007ff98d2a6000 	C:\Program Files\Java\jdk-12.0.1\bin\java.dll
0x00007ff98dcf0000 - 0x00007ff98dd07000 	C:\Program Files\Java\jdk-12.0.1\bin\zip.dll
0x00007ff9915e0000 - 0x00007ff9915ea000 	C:\Program Files\Java\jdk-12.0.1\bin\jimage.dll
0x00007ff99ac60000 - 0x00007ff99c098000 	C:\Windows\System32\SHELL32.dll
0x00007ff99d2b0000 - 0x00007ff99d356000 	C:\Windows\System32\shcore.dll
0x00007ff999c80000 - 0x00007ff99a3c7000 	C:\Windows\System32\windows.storage.dll
0x00007ff9999b0000 - 0x00007ff9999fc000 	C:\Windows\System32\powrprof.dll
0x00007ff999a00000 - 0x00007ff999a1b000 	C:\Windows\System32\profapi.dll
0x00007ff98d0b0000 - 0x00007ff98d0c9000 	C:\Program Files\Java\jdk-12.0.1\bin\net.dll
0x00007ff98f160000 - 0x00007ff98f329000 	C:\Windows\SYSTEM32\urlmon.dll
0x00007ff994a60000 - 0x00007ff994b3e000 	C:\Windows\SYSTEM32\WINHTTP.dll
0x00007ff99c970000 - 0x00007ff99c98d000 	C:\Windows\System32\imagehlp.dll
0x00007ff98e890000 - 0x00007ff98eb2f000 	C:\Windows\SYSTEM32\iertutil.dll
0x00007ff999420000 - 0x00007ff99942b000 	C:\Windows\SYSTEM32\CRYPTBASE.DLL
0x00007ff999240000 - 0x00007ff9992a6000 	C:\Windows\system32\mswsock.dll
0x00007ff98d090000 - 0x00007ff98d0a3000 	C:\Program Files\Java\jdk-12.0.1\bin\nio.dll
0x00007ff9865f0000 - 0x00007ff9865f9000 	C:\Program Files\Java\jdk-12.0.1\bin\management.dll
0x00007ff986520000 - 0x00007ff98652c000 	C:\Program Files\Java\jdk-12.0.1\bin\management_ext.dll
0x00007ff98bd40000 - 0x00007ff98bd56000 	C:\Windows\system32\napinsp.dll
0x00007ff98bd90000 - 0x00007ff98bdaa000 	C:\Windows\system32\pnrpnsp.dll
0x00007ff996650000 - 0x00007ff996668000 	C:\Windows\system32\NLAapi.dll
0x00007ff999010000 - 0x00007ff9990c6000 	C:\Windows\SYSTEM32\DNSAPI.dll
0x00007ff99ab30000 - 0x00007ff99ab38000 	C:\Windows\System32\NSI.dll
0x00007ff98c660000 - 0x00007ff98c66e000 	C:\Windows\System32\winrnr.dll
0x00007ff98bd70000 - 0x00007ff98bd85000 	C:\Windows\System32\wshbth.dll
0x00007ff992340000 - 0x00007ff99234a000 	C:\Windows\System32\rasadhlp.dll
0x00007ff992360000 - 0x00007ff9923d0000 	C:\Windows\System32\fwpuclnt.dll
0x00007ff999400000 - 0x00007ff999417000 	C:\Windows\SYSTEM32\CRYPTSP.dll
0x00007ff998e40000 - 0x00007ff998e73000 	C:\Windows\system32\rsaenh.dll
0x00007ff9998b0000 - 0x00007ff9998d9000 	C:\Windows\SYSTEM32\USERENV.dll
0x00007ff994c30000 - 0x00007ff994c46000 	C:\Windows\SYSTEM32\dhcpcsvc6.DLL
0x00007ff9950a0000 - 0x00007ff9950ba000 	C:\Windows\SYSTEM32\dhcpcsvc.DLL

dbghelp: loaded successfully - version: 4.0.5 - missing functions: none
symbol engine: initialized successfully - sym options: 0x614 - pdb path: .;C:\Program Files\Java\jdk-12.0.1\bin;C:\Windows\SYSTEM32;C:\Windows\WinSxS\amd64_microsoft.windows.common-controls_6595b64144ccf1df_6.0.16299.1087_none_0f9074b65a6589b7;C:\Program Files\Java\jdk-12.0.1\bin\server

VM Arguments:
jvm_args: -Dcom.sun.management.jmxremote -Dcom.sun.management.jmxremote.port=59182 -Dcom.sun.management.jmxremote.authenticate=false -Dcom.sun.management.jmxremote.ssl=false -Djava.rmi.server.hostname=localhost -Dspring.jmx.enabled=true -Dspring.application.admin.enabled=true -Xverify:none -XX:TieredStopAtLevel=1 -Dfile.encoding=Cp1252 
java_command: com.bankatm.BankatmApplication --spring.output.ansi.enabled=always
java_class_path (initial): C:\parthi\bankatm\bin\main;C:\Users\10decoders\.gradle\caches\modules-2\files-2.1\mysql\mysql-connector-java\8.0.16\6088b7a25188ab4b3ab865422a8ec77ade29236\mysql-connector-java-8.0.16.jar;C:\Users\10decoders\.gradle\caches\modules-2\files-2.1\org.springframework.boot\spring-boot-starter-data-jpa\2.1.5.RELEASE\f33f69b3744d07f832db6ab48eab227ccde9e922\spring-boot-starter-data-jpa-2.1.5.RELEASE.jar;C:\Users\10decoders\.gradle\caches\modules-2\files-2.1\org.springframework.boot\spring-boot-starter-jersey\2.1.5.RELEASE\5acb4a4c5f12646a91480a2dacebe93577c47bed\spring-boot-starter-jersey-2.1.5.RELEASE.jar;C:\Users\10decoders\.gradle\caches\modules-2\files-2.1\org.springframework.boot\spring-boot-starter-web-services\2.1.5.RELEASE\fd711ad8cb9c36d760730b6e77ce58ab22357b1b\spring-boot-starter-web-services-2.1.5.RELEASE.jar;C:\Users\10decoders\.gradle\caches\modules-2\files-2.1\com.vaadin\vaadin-spring-boot-starter\13.0.8\97da199c232fd9ae34365000b3e796e65b369d72\vaadin-spring-boot-starter-13.0.8.jar;C:\Users\10decoders\.gradle\caches\modules-2\files-2.1\org.springframework.boot\spring-boot-starter-web\2.1.5.RELEASE\d46494b46a626cbd8f253066a2d7413412efc908\spring-boot-starter-web-2.1.5.RELEASE.jar;C:\Users\10decoders\.gradle\caches\modules-2\files-2.1\org.springframework.boot\spring-boot-starter-webflux\2.1.5.RELEASE\571451bab6f5dca851b441cb5d7d7ffe886ad26\spring-boot-starter-webflux-2.1.5.RELEASE.jar;C:\Users\10decoders\.gradle\caches\modules-2\files-2.1\org.springframework.boot\spring-boot-starter-aop\2.1.5.RELEASE\464cfb573009e724ea76ca404f106b1b19e759ff\spring-boot-starter-aop-2.1.5.RELEASE.jar;C:\Users\10decoders\.gradle\caches\modules-2\files-2.1\org.springframework.boot\spring-boot-starter-jdbc\2.1.5.RELEASE\6f187e708a47b0d37552a01292ce649a97a0059d\spring-boot-starter-jdbc-2.1.5.RELEASE.jar;C:\Users\10decoders\.gradle\caches\modules-2\files-2.1\javax.transaction\javax.transaction-api\1.3\e006adf5cf3cca2181d16bd640ecb80148ec0fce\javax.transact
Launcher Type: SUN_STANDARD

[Global flags]
     bool BytecodeVerificationLocal                = false                                     {product} {command line}
     bool BytecodeVerificationRemote               = false                                     {product} {command line}
     intx CICompilerCount                          = 3                                         {product} {ergonomic}
     uint ConcGCThreads                            = 1                                         {product} {ergonomic}
     uint G1ConcRefinementThreads                  = 4                                         {product} {ergonomic}
   size_t G1HeapRegionSize                         = 1048576                                   {product} {ergonomic}
    uintx GCDrainStackTargetSize                   = 64                                        {product} {ergonomic}
   size_t InitialHeapSize                          = 96468992                                  {product} {ergonomic}
     bool ManagementServer                         = true                                      {product} {command line}
   size_t MarkStackSize                            = 4194304                                   {product} {ergonomic}
   size_t MaxHeapSize                              = 1539309568                                {product} {ergonomic}
   size_t MaxNewSize                               = 922746880                                 {product} {ergonomic}
   size_t MinHeapDeltaBytes                        = 1048576                                   {product} {ergonomic}
    uintx NonNMethodCodeHeapSize                   = 6973028                                {pd product} {ergonomic}
    uintx NonProfiledCodeHeapSize                  = 244685212                              {pd product} {ergonomic}
    uintx ProfiledCodeHeapSize                     = 0                                      {pd product} {ergonomic}
    uintx ReservedCodeCacheSize                    = 251658240                              {pd product} {ergonomic}
     bool SegmentedCodeCache                       = true                                      {product} {ergonomic}
     intx TieredStopAtLevel                        = 1                                         {product} {command line}
     bool UseCompressedClassPointers               = true                                 {lp64_product} {ergonomic}
     bool UseCompressedOops                        = true                                 {lp64_product} {ergonomic}
     bool UseG1GC                                  = true                                      {product} {ergonomic}
     bool UseLargePagesIndividualAllocation        = false                                  {pd product} {ergonomic}

Logging:
Log output configuration:
 #0: stdout all=warning uptime,level,tags
 #1: stderr all=off uptime,level,tags

Environment Variables:
PATH=C:/Program Files/Java/jdk-12.0.1/bin/server;C:/Program Files/Java/jdk-12.0.1/bin;C:\Windows\system32;C:\Windows;C:\Windows\System32\Wbem;C:\Windows\System32\WindowsPowerShell\v1.0\;C:\Program Files (x86)\Brackets\command;C:\Program Files\Java\jdk-12.0.1\bin;C:\Program Files\MySQL\MySQL Shell 8.0\bin\;C:\Users\10decoders\AppData\Local\GitHubDesktop\bin;C:\Users\10decoders\Downloads\spring-tool-suite-4-4.2.1.RELEASE-e4.11.0-win32.win32.x86_64\sts-4.2.1.RELEASE;
USERNAME=10decoders
OS=Windows_NT
PROCESSOR_IDENTIFIER=Intel64 Family 6 Model 58 Stepping 9, GenuineIntel



---------------  S Y S T E M  ---------------

OS: Windows 10 , 64 bit Build 16299 (10.0.16299.1087)

CPU:total 4 (initial active 4) (2 cores per cpu, 2 threads per core) family 6 model 58 stepping 9, cmov, cx8, fxsr, mmx, sse, sse2, sse3, ssse3, sse4.1, sse4.2, popcnt, avx, aes, clmul, erms, ht, tsc, tscinvbit, tscinv

Memory: 4k page, system-wide physical 5867M (977M free)
TotalPageFile size 9707M (AvailPageFile size 2721M)
current process WorkingSet (physical memory assigned to process): 73M, peak: 73M
current process commit charge ("private bytes"): 177M, peak: 177M

vm_info: Java HotSpot(TM) 64-Bit Server VM (12.0.1+12) for windows-amd64 JRE (12.0.1+12), built on Apr  2 2019 14:02:19 by "mach5one" with MS VC++ 15.5 (VS2017)

END.
